<?xml version="1.0" encoding="UTF-8"?>
<testng-results ignored="0" total="1" passed="1" failed="0" skipped="0">
  <reporter-output>
  </reporter-output>
  <suite started-at="2024-12-21T23:25:42 IST" name="Surefire suite" finished-at="2024-12-21T23:25:43 IST" duration-ms="15">
    <groups>
    </groups>
    <test started-at="2024-12-21T23:25:42 IST" name="Surefire test" finished-at="2024-12-21T23:25:43 IST" duration-ms="15">
      <class name="fi.TestNgs.AppTest">
        <test-method signature="testApp()[pri:0, instance:testApp(fi.TestNgs.AppTest)]" started-at="2024-12-21T23:25:43 IST" name="testApp" finished-at="2024-12-21T23:25:43 IST" duration-ms="4" status="PASS">
          <reporter-output>
          </reporter-output>
        </test-method> <!-- testApp -->
      </class> <!-- fi.TestNgs.AppTest -->
    </test> <!-- Surefire test -->
  </suite> <!-- Surefire suite -->
</testng-results>
